<?xml version="1.0" encoding="UTF-8"?>
<testng-results ignored="0" total="1" passed="1" failed="0" skipped="0">
  <reporter-output>
  </reporter-output>
  <suite started-at="2025-04-06T14:55:51 IST" name="Surefire suite" finished-at="2025-04-06T14:57:56 IST" duration-ms="125212">
    <groups>
    </groups>
    <test started-at="2025-04-06T14:55:51 IST" name="Surefire test" finished-at="2025-04-06T14:57:56 IST" duration-ms="125212">
      <class name="PercyPOC.PercyAppiumTest">
        <test-method is-config="true" signature="setup()[pri:0, instance:PercyPOC.PercyAppiumTest@1ddf84b8]" started-at="2025-04-06T14:55:51 IST" name="setup" finished-at="2025-04-06T14:56:33 IST" duration-ms="41919" status="PASS">
          <reporter-output>
          </reporter-output>
        </test-method> <!-- setup -->
        <test-method signature="testVisual()[pri:0, instance:PercyPOC.PercyAppiumTest@1ddf84b8]" started-at="2025-04-06T14:56:33 IST" name="testVisual" finished-at="2025-04-06T14:57:56 IST" duration-ms="83230" status="PASS">
          <reporter-output>
          </reporter-output>
        </test-method> <!-- testVisual -->
      </class> <!-- PercyPOC.PercyAppiumTest -->
    </test> <!-- Surefire test -->
  </suite> <!-- Surefire suite -->
</testng-results>
